2014-03-16 2014-03-16 22:14:02.662 [DEBUG] | =============================================== | org.bigmouth.framework.core.FrameworkContextLoaderListener.contextInitialized(FrameworkContextLoaderListener.java:33)
2014-03-16 2014-03-16 22:14:02.664 [DEBUG] | 开始加载上下文... | org.bigmouth.framework.core.FrameworkContextLoaderListener.contextInitialized(FrameworkContextLoaderListener.java:34)
2014-03-16 2014-03-16 22:14:02.665 [DEBUG] | =============================================== | org.bigmouth.framework.core.FrameworkContextLoaderListener.contextInitialized(FrameworkContextLoaderListener.java:35)
2014-03-16 2014-03-16 22:14:02.665 [INFO ] | 工程所在路径：D:\Workspace\bigmouth-web\WebRoot | org.bigmouth.framework.core.FrameworkContextLoaderListener.contextInitialized(FrameworkContextLoaderListener.java:37)
2014-03-16 2014-03-16 22:14:03.134 [ERROR] | Context initialization failed | org.springframework.web.context.ContextLoader.initWebApplicationContext(ContextLoader.java:307)
org.springframework.beans.factory.BeanDefinitionStoreException: Failed to read candidate component class: file [D:\Workspace\bigmouth-web\WebRoot\WEB-INF\classes\org\bigmouth\web\manager\master\web\AdminAction.class]; nested exception is java.lang.ArrayIndexOutOfBoundsException: 8
	at org.springframework.context.annotation.ClassPathScanningCandidateComponentProvider.findCandidateComponents(ClassPathScanningCandidateComponentProvider.java:260)
	at org.springframework.context.annotation.ClassPathBeanDefinitionScanner.doScan(ClassPathBeanDefinitionScanner.java:242)
	at org.springframework.context.annotation.ComponentScanBeanDefinitionParser.parse(ComponentScanBeanDefinitionParser.java:84)
	at org.springframework.beans.factory.xml.NamespaceHandlerSupport.parse(NamespaceHandlerSupport.java:73)
	at org.springframework.beans.factory.xml.BeanDefinitionParserDelegate.parseCustomElement(BeanDefinitionParserDelegate.java:1419)
	at org.springframework.beans.factory.xml.BeanDefinitionParserDelegate.parseCustomElement(BeanDefinitionParserDelegate.java:1409)
	at org.springframework.beans.factory.xml.DefaultBeanDefinitionDocumentReader.parseBeanDefinitions(DefaultBeanDefinitionDocumentReader.java:184)
	at org.springframework.beans.factory.xml.DefaultBeanDefinitionDocumentReader.doRegisterBeanDefinitions(DefaultBeanDefinitionDocumentReader.java:140)
	at org.springframework.beans.factory.xml.DefaultBeanDefinitionDocumentReader.registerBeanDefinitions(DefaultBeanDefinitionDocumentReader.java:111)
	at org.springframework.beans.factory.xml.XmlBeanDefinitionReader.registerBeanDefinitions(XmlBeanDefinitionReader.java:493)
	at org.springframework.beans.factory.xml.XmlBeanDefinitionReader.doLoadBeanDefinitions(XmlBeanDefinitionReader.java:390)
	at org.springframework.beans.factory.xml.XmlBeanDefinitionReader.loadBeanDefinitions(XmlBeanDefinitionReader.java:334)
	at org.springframework.beans.factory.xml.XmlBeanDefinitionReader.loadBeanDefinitions(XmlBeanDefinitionReader.java:302)
	at org.springframework.beans.factory.support.AbstractBeanDefinitionReader.loadBeanDefinitions(AbstractBeanDefinitionReader.java:174)
	at org.springframework.beans.factory.support.AbstractBeanDefinitionReader.loadBeanDefinitions(AbstractBeanDefinitionReader.java:209)
	at org.springframework.beans.factory.support.AbstractBeanDefinitionReader.loadBeanDefinitions(AbstractBeanDefinitionReader.java:180)
	at org.springframework.web.context.support.XmlWebApplicationContext.loadBeanDefinitions(XmlWebApplicationContext.java:125)
	at org.springframework.web.context.support.XmlWebApplicationContext.loadBeanDefinitions(XmlWebApplicationContext.java:94)
	at org.springframework.context.support.AbstractRefreshableApplicationContext.refreshBeanFactory(AbstractRefreshableApplicationContext.java:131)
	at org.springframework.context.support.AbstractApplicationContext.obtainFreshBeanFactory(AbstractApplicationContext.java:522)
	at org.springframework.context.support.AbstractApplicationContext.refresh(AbstractApplicationContext.java:436)
	at org.springframework.web.context.ContextLoader.configureAndRefreshWebApplicationContext(ContextLoader.java:384)
	at org.springframework.web.context.ContextLoader.initWebApplicationContext(ContextLoader.java:283)
	at org.springframework.web.context.ContextLoaderListener.contextInitialized(ContextLoaderListener.java:111)
	at org.bigmouth.framework.core.FrameworkContextLoaderListener.contextInitialized(FrameworkContextLoaderListener.java:38)
	at org.mortbay.jetty.handler.ContextHandler.startContext(ContextHandler.java:549)
	at org.mortbay.jetty.servlet.Context.startContext(Context.java:136)
	at org.mortbay.jetty.webapp.WebAppContext.startContext(WebAppContext.java:1282)
	at org.mortbay.jetty.handler.ContextHandler.doStart(ContextHandler.java:518)
	at org.mortbay.jetty.webapp.WebAppContext.doStart(WebAppContext.java:499)
	at org.mortbay.component.AbstractLifeCycle.start(AbstractLifeCycle.java:50)
	at org.mortbay.jetty.handler.HandlerWrapper.doStart(HandlerWrapper.java:130)
	at org.mortbay.jetty.Server.doStart(Server.java:224)
	at org.mortbay.component.AbstractLifeCycle.start(AbstractLifeCycle.java:50)
	at runjettyrun.Bootstrap.main(Bootstrap.java:97)
Caused by: java.lang.ArrayIndexOutOfBoundsException: 8
	at org.springframework.asm.Type.a(Unknown Source)
	at org.springframework.asm.Type.getType(Unknown Source)
	at org.springframework.core.type.classreading.AnnotationMetadataReadingVisitor.visitAnnotation(AnnotationMetadataReadingVisitor.java:70)
	at org.springframework.asm.ClassReader.accept(Unknown Source)
	at org.springframework.asm.ClassReader.accept(Unknown Source)
	at org.springframework.core.type.classreading.SimpleMetadataReader.<init>(SimpleMetadataReader.java:54)
	at org.springframework.core.type.classreading.SimpleMetadataReaderFactory.getMetadataReader(SimpleMetadataReaderFactory.java:80)
	at org.springframework.core.type.classreading.CachingMetadataReaderFactory.getMetadataReader(CachingMetadataReaderFactory.java:101)
	at org.springframework.context.annotation.ClassPathScanningCandidateComponentProvider.findCandidateComponents(ClassPathScanningCandidateComponentProvider.java:236)
	... 34 more
2014-03-16 2014-03-16 22:18:24.560 [DEBUG] | =============================================== | org.bigmouth.framework.core.FrameworkContextLoaderListener.contextInitialized(FrameworkContextLoaderListener.java:33)
2014-03-16 2014-03-16 22:18:24.563 [DEBUG] | 开始加载上下文... | org.bigmouth.framework.core.FrameworkContextLoaderListener.contextInitialized(FrameworkContextLoaderListener.java:34)
2014-03-16 2014-03-16 22:18:24.564 [DEBUG] | =============================================== | org.bigmouth.framework.core.FrameworkContextLoaderListener.contextInitialized(FrameworkContextLoaderListener.java:35)
2014-03-16 2014-03-16 22:18:24.564 [INFO ] | 工程所在路径：D:\Workspace\bigmouth-web\src\main\webapp | org.bigmouth.framework.core.FrameworkContextLoaderListener.contextInitialized(FrameworkContextLoaderListener.java:37)
2014-03-16 2014-03-16 22:18:24.993 [ERROR] | Context initialization failed | org.springframework.web.context.ContextLoader.initWebApplicationContext(ContextLoader.java:307)
org.springframework.beans.factory.BeanDefinitionStoreException: Failed to read candidate component class: file [D:\Workspace\bigmouth-web\src\main\webapp\WEB-INF\classes\org\bigmouth\web\manager\master\web\AdminAction.class]; nested exception is java.lang.ArrayIndexOutOfBoundsException: 8
	at org.springframework.context.annotation.ClassPathScanningCandidateComponentProvider.findCandidateComponents(ClassPathScanningCandidateComponentProvider.java:260)
	at org.springframework.context.annotation.ClassPathBeanDefinitionScanner.doScan(ClassPathBeanDefinitionScanner.java:242)
	at org.springframework.context.annotation.ComponentScanBeanDefinitionParser.parse(ComponentScanBeanDefinitionParser.java:84)
	at org.springframework.beans.factory.xml.NamespaceHandlerSupport.parse(NamespaceHandlerSupport.java:73)
	at org.springframework.beans.factory.xml.BeanDefinitionParserDelegate.parseCustomElement(BeanDefinitionParserDelegate.java:1419)
	at org.springframework.beans.factory.xml.BeanDefinitionParserDelegate.parseCustomElement(BeanDefinitionParserDelegate.java:1409)
	at org.springframework.beans.factory.xml.DefaultBeanDefinitionDocumentReader.parseBeanDefinitions(DefaultBeanDefinitionDocumentReader.java:184)
	at org.springframework.beans.factory.xml.DefaultBeanDefinitionDocumentReader.doRegisterBeanDefinitions(DefaultBeanDefinitionDocumentReader.java:140)
	at org.springframework.beans.factory.xml.DefaultBeanDefinitionDocumentReader.registerBeanDefinitions(DefaultBeanDefinitionDocumentReader.java:111)
	at org.springframework.beans.factory.xml.XmlBeanDefinitionReader.registerBeanDefinitions(XmlBeanDefinitionReader.java:493)
	at org.springframework.beans.factory.xml.XmlBeanDefinitionReader.doLoadBeanDefinitions(XmlBeanDefinitionReader.java:390)
	at org.springframework.beans.factory.xml.XmlBeanDefinitionReader.loadBeanDefinitions(XmlBeanDefinitionReader.java:334)
	at org.springframework.beans.factory.xml.XmlBeanDefinitionReader.loadBeanDefinitions(XmlBeanDefinitionReader.java:302)
	at org.springframework.beans.factory.support.AbstractBeanDefinitionReader.loadBeanDefinitions(AbstractBeanDefinitionReader.java:174)
	at org.springframework.beans.factory.support.AbstractBeanDefinitionReader.loadBeanDefinitions(AbstractBeanDefinitionReader.java:209)
	at org.springframework.beans.factory.support.AbstractBeanDefinitionReader.loadBeanDefinitions(AbstractBeanDefinitionReader.java:180)
	at org.springframework.web.context.support.XmlWebApplicationContext.loadBeanDefinitions(XmlWebApplicationContext.java:125)
	at org.springframework.web.context.support.XmlWebApplicationContext.loadBeanDefinitions(XmlWebApplicationContext.java:94)
	at org.springframework.context.support.AbstractRefreshableApplicationContext.refreshBeanFactory(AbstractRefreshableApplicationContext.java:131)
	at org.springframework.context.support.AbstractApplicationContext.obtainFreshBeanFactory(AbstractApplicationContext.java:522)
	at org.springframework.context.support.AbstractApplicationContext.refresh(AbstractApplicationContext.java:436)
	at org.springframework.web.context.ContextLoader.configureAndRefreshWebApplicationContext(ContextLoader.java:384)
	at org.springframework.web.context.ContextLoader.initWebApplicationContext(ContextLoader.java:283)
	at org.springframework.web.context.ContextLoaderListener.contextInitialized(ContextLoaderListener.java:111)
	at org.bigmouth.framework.core.FrameworkContextLoaderListener.contextInitialized(FrameworkContextLoaderListener.java:38)
	at org.mortbay.jetty.handler.ContextHandler.startContext(ContextHandler.java:549)
	at org.mortbay.jetty.servlet.Context.startContext(Context.java:136)
	at org.mortbay.jetty.webapp.WebAppContext.startContext(WebAppContext.java:1282)
	at org.mortbay.jetty.handler.ContextHandler.doStart(ContextHandler.java:518)
	at org.mortbay.jetty.webapp.WebAppContext.doStart(WebAppContext.java:499)
	at org.mortbay.component.AbstractLifeCycle.start(AbstractLifeCycle.java:50)
	at org.mortbay.jetty.handler.HandlerWrapper.doStart(HandlerWrapper.java:130)
	at org.mortbay.jetty.Server.doStart(Server.java:224)
	at org.mortbay.component.AbstractLifeCycle.start(AbstractLifeCycle.java:50)
	at runjettyrun.Bootstrap.main(Bootstrap.java:97)
Caused by: java.lang.ArrayIndexOutOfBoundsException: 8
	at org.springframework.asm.Type.a(Unknown Source)
	at org.springframework.asm.Type.getType(Unknown Source)
	at org.springframework.core.type.classreading.AnnotationMetadataReadingVisitor.visitAnnotation(AnnotationMetadataReadingVisitor.java:70)
	at org.springframework.asm.ClassReader.accept(Unknown Source)
	at org.springframework.asm.ClassReader.accept(Unknown Source)
	at org.springframework.core.type.classreading.SimpleMetadataReader.<init>(SimpleMetadataReader.java:54)
	at org.springframework.core.type.classreading.SimpleMetadataReaderFactory.getMetadataReader(SimpleMetadataReaderFactory.java:80)
	at org.springframework.core.type.classreading.CachingMetadataReaderFactory.getMetadataReader(CachingMetadataReaderFactory.java:101)
	at org.springframework.context.annotation.ClassPathScanningCandidateComponentProvider.findCandidateComponents(ClassPathScanningCandidateComponentProvider.java:236)
	... 34 more
2014-03-16 2014-03-16 22:19:25.941 [DEBUG] | =============================================== | org.bigmouth.framework.core.FrameworkContextLoaderListener.contextInitialized(FrameworkContextLoaderListener.java:33)
2014-03-16 2014-03-16 22:19:25.943 [DEBUG] | 开始加载上下文... | org.bigmouth.framework.core.FrameworkContextLoaderListener.contextInitialized(FrameworkContextLoaderListener.java:34)
2014-03-16 2014-03-16 22:19:25.944 [DEBUG] | =============================================== | org.bigmouth.framework.core.FrameworkContextLoaderListener.contextInitialized(FrameworkContextLoaderListener.java:35)
2014-03-16 2014-03-16 22:19:25.944 [INFO ] | 工程所在路径：D:\Workspace\bigmouth-web\src\main\webapp | org.bigmouth.framework.core.FrameworkContextLoaderListener.contextInitialized(FrameworkContextLoaderListener.java:37)
2014-03-16 2014-03-16 22:19:26.624 [ERROR] | Context initialization failed | org.springframework.web.context.ContextLoader.initWebApplicationContext(ContextLoader.java:312)
java.lang.NoClassDefFoundError: org/aspectj/weaver/BCException
	at java.lang.Class.getDeclaredMethods0(Native Method)
	at java.lang.Class.privateGetDeclaredMethods(Unknown Source)
	at java.lang.Class.getDeclaredMethods(Unknown Source)
	at org.springframework.core.type.StandardAnnotationMetadata.hasAnnotatedMethods(StandardAnnotationMetadata.java:136)
	at org.springframework.context.annotation.ConfigurationClassUtils.isLiteConfigurationCandidate(ConfigurationClassUtils.java:105)
	at org.springframework.context.annotation.ConfigurationClassUtils.checkConfigurationClassCandidate(ConfigurationClassUtils.java:86)
	at org.springframework.context.annotation.ConfigurationClassPostProcessor.processConfigBeanDefinitions(ConfigurationClassPostProcessor.java:216)
	at org.springframework.context.annotation.ConfigurationClassPostProcessor.postProcessBeanDefinitionRegistry(ConfigurationClassPostProcessor.java:178)
	at org.springframework.context.support.AbstractApplicationContext.invokeBeanFactoryPostProcessors(AbstractApplicationContext.java:617)
	at org.springframework.context.support.AbstractApplicationContext.refresh(AbstractApplicationContext.java:446)
	at org.springframework.web.context.ContextLoader.configureAndRefreshWebApplicationContext(ContextLoader.java:384)
	at org.springframework.web.context.ContextLoader.initWebApplicationContext(ContextLoader.java:283)
	at org.springframework.web.context.ContextLoaderListener.contextInitialized(ContextLoaderListener.java:111)
	at org.bigmouth.framework.core.FrameworkContextLoaderListener.contextInitialized(FrameworkContextLoaderListener.java:38)
	at org.mortbay.jetty.handler.ContextHandler.startContext(ContextHandler.java:549)
	at org.mortbay.jetty.servlet.Context.startContext(Context.java:136)
	at org.mortbay.jetty.webapp.WebAppContext.startContext(WebAppContext.java:1282)
	at org.mortbay.jetty.handler.ContextHandler.doStart(ContextHandler.java:518)
	at org.mortbay.jetty.webapp.WebAppContext.doStart(WebAppContext.java:499)
	at org.mortbay.component.AbstractLifeCycle.start(AbstractLifeCycle.java:50)
	at org.mortbay.jetty.handler.HandlerWrapper.doStart(HandlerWrapper.java:130)
	at org.mortbay.jetty.Server.doStart(Server.java:224)
	at org.mortbay.component.AbstractLifeCycle.start(AbstractLifeCycle.java:50)
	at runjettyrun.Bootstrap.main(Bootstrap.java:97)
2014-03-16 2014-03-16 22:20:36.014 [DEBUG] | =============================================== | org.bigmouth.framework.core.FrameworkContextLoaderListener.contextInitialized(FrameworkContextLoaderListener.java:33)
2014-03-16 2014-03-16 22:20:36.016 [DEBUG] | 开始加载上下文... | org.bigmouth.framework.core.FrameworkContextLoaderListener.contextInitialized(FrameworkContextLoaderListener.java:34)
2014-03-16 2014-03-16 22:20:36.017 [DEBUG] | =============================================== | org.bigmouth.framework.core.FrameworkContextLoaderListener.contextInitialized(FrameworkContextLoaderListener.java:35)
2014-03-16 2014-03-16 22:20:36.017 [INFO ] | 工程所在路径：D:\Workspace\bigmouth-web\src\main\webapp | org.bigmouth.framework.core.FrameworkContextLoaderListener.contextInitialized(FrameworkContextLoaderListener.java:37)
2014-03-16 2014-03-16 22:20:37.170 [INFO ] | Loading properties file from URL [file:/D:/Workspace/bigmouth-web/target/classes/application.properties] | org.springframework.core.io.support.PropertiesLoaderSupport.loadProperties(PropertiesLoaderSupport.java:177)
2014-03-16 2014-03-16 22:20:37.170 [INFO ] | Loading properties file from URL [file:/D:/Workspace/bigmouth-web/target/classes/jdbc.properties] | org.springframework.core.io.support.PropertiesLoaderSupport.loadProperties(PropertiesLoaderSupport.java:177)
2014-03-16 2014-03-16 22:20:37.899 [DEBUG] | 注入ApplicationContext到SpringContextHolder:Root WebApplicationContext: startup date [Sun Mar 16 22:20:36 CST 2014]; root of context hierarchy | org.bigmouth.framework.core.SpringContextHolder.setApplicationContext(SpringContextHolder.java:25)
2014-03-16 2014-03-16 22:20:38.041 [DEBUG] | 清除SpringContextHolder中的ApplicationContext:Root WebApplicationContext: startup date [Sun Mar 16 22:20:36 CST 2014]; root of context hierarchy | org.bigmouth.framework.core.SpringContextHolder.cleanApplicationContext(SpringContextHolder.java:66)
2014-03-16 2014-03-16 22:20:38.042 [ERROR] | Context initialization failed | org.springframework.web.context.ContextLoader.initWebApplicationContext(ContextLoader.java:307)
org.springframework.beans.factory.BeanCreationException: Error creating bean with name 'adminService' defined in file [D:\Workspace\bigmouth-web\target\classes\spring\org.bigmouth.web.manager.admin.service.xml]: Initialization of bean failed; nested exception is org.springframework.aop.framework.AopConfigException: Cannot proxy target class because CGLIB2 is not available. Add CGLIB to the class path or specify proxy interfaces.
	at org.springframework.beans.factory.support.AbstractAutowireCapableBeanFactory.doCreateBean(AbstractAutowireCapableBeanFactory.java:527)
	at org.springframework.beans.factory.support.AbstractAutowireCapableBeanFactory.createBean(AbstractAutowireCapableBeanFactory.java:456)
	at org.springframework.beans.factory.support.AbstractBeanFactory$1.getObject(AbstractBeanFactory.java:294)
	at org.springframework.beans.factory.support.DefaultSingletonBeanRegistry.getSingleton(DefaultSingletonBeanRegistry.java:225)
	at org.springframework.beans.factory.support.AbstractBeanFactory.doGetBean(AbstractBeanFactory.java:291)
	at org.springframework.beans.factory.support.AbstractBeanFactory.getBean(AbstractBeanFactory.java:193)
	at org.springframework.beans.factory.support.DefaultListableBeanFactory.preInstantiateSingletons(DefaultListableBeanFactory.java:585)
	at org.springframework.context.support.AbstractApplicationContext.finishBeanFactoryInitialization(AbstractApplicationContext.java:913)
	at org.springframework.context.support.AbstractApplicationContext.refresh(AbstractApplicationContext.java:464)
	at org.springframework.web.context.ContextLoader.configureAndRefreshWebApplicationContext(ContextLoader.java:384)
	at org.springframework.web.context.ContextLoader.initWebApplicationContext(ContextLoader.java:283)
	at org.springframework.web.context.ContextLoaderListener.contextInitialized(ContextLoaderListener.java:111)
	at org.bigmouth.framework.core.FrameworkContextLoaderListener.contextInitialized(FrameworkContextLoaderListener.java:38)
	at org.mortbay.jetty.handler.ContextHandler.startContext(ContextHandler.java:549)
	at org.mortbay.jetty.servlet.Context.startContext(Context.java:136)
	at org.mortbay.jetty.webapp.WebAppContext.startContext(WebAppContext.java:1282)
	at org.mortbay.jetty.handler.ContextHandler.doStart(ContextHandler.java:518)
	at org.mortbay.jetty.webapp.WebAppContext.doStart(WebAppContext.java:499)
	at org.mortbay.component.AbstractLifeCycle.start(AbstractLifeCycle.java:50)
	at org.mortbay.jetty.handler.HandlerWrapper.doStart(HandlerWrapper.java:130)
	at org.mortbay.jetty.Server.doStart(Server.java:224)
	at org.mortbay.component.AbstractLifeCycle.start(AbstractLifeCycle.java:50)
	at runjettyrun.Bootstrap.main(Bootstrap.java:97)
Caused by: org.springframework.aop.framework.AopConfigException: Cannot proxy target class because CGLIB2 is not available. Add CGLIB to the class path or specify proxy interfaces.
	at org.springframework.aop.framework.DefaultAopProxyFactory.createAopProxy(DefaultAopProxyFactory.java:67)
	at org.springframework.aop.framework.ProxyCreatorSupport.createAopProxy(ProxyCreatorSupport.java:104)
	at org.springframework.aop.framework.ProxyFactory.getProxy(ProxyFactory.java:112)
	at org.springframework.aop.framework.autoproxy.AbstractAutoProxyCreator.createProxy(AbstractAutoProxyCreator.java:476)
	at org.springframework.aop.framework.autoproxy.AbstractAutoProxyCreator.wrapIfNecessary(AbstractAutoProxyCreator.java:362)
	at org.springframework.aop.framework.autoproxy.AbstractAutoProxyCreator.postProcessAfterInitialization(AbstractAutoProxyCreator.java:322)
	at org.springframework.beans.factory.support.AbstractAutowireCapableBeanFactory.applyBeanPostProcessorsAfterInitialization(AbstractAutowireCapableBeanFactory.java:407)
	at org.springframework.beans.factory.support.AbstractAutowireCapableBeanFactory.initializeBean(AbstractAutowireCapableBeanFactory.java:1461)
	at org.springframework.beans.factory.support.AbstractAutowireCapableBeanFactory.doCreateBean(AbstractAutowireCapableBeanFactory.java:519)
	... 22 more
2014-03-16 2014-03-16 22:22:29.726 [DEBUG] | =============================================== | org.bigmouth.framework.core.FrameworkContextLoaderListener.contextInitialized(FrameworkContextLoaderListener.java:33)
2014-03-16 2014-03-16 22:22:29.729 [DEBUG] | 开始加载上下文... | org.bigmouth.framework.core.FrameworkContextLoaderListener.contextInitialized(FrameworkContextLoaderListener.java:34)
2014-03-16 2014-03-16 22:22:29.730 [DEBUG] | =============================================== | org.bigmouth.framework.core.FrameworkContextLoaderListener.contextInitialized(FrameworkContextLoaderListener.java:35)
2014-03-16 2014-03-16 22:22:29.730 [INFO ] | 工程所在路径：D:\Workspace\bigmouth-web\src\main\webapp | org.bigmouth.framework.core.FrameworkContextLoaderListener.contextInitialized(FrameworkContextLoaderListener.java:37)
2014-03-16 2014-03-16 22:22:31.214 [INFO ] | Loading properties file from URL [file:/D:/Workspace/bigmouth-web/target/classes/application.properties] | org.springframework.core.io.support.PropertiesLoaderSupport.loadProperties(PropertiesLoaderSupport.java:177)
2014-03-16 2014-03-16 22:22:31.216 [INFO ] | Loading properties file from URL [file:/D:/Workspace/bigmouth-web/target/classes/jdbc.properties] | org.springframework.core.io.support.PropertiesLoaderSupport.loadProperties(PropertiesLoaderSupport.java:177)
2014-03-16 2014-03-16 22:22:31.862 [DEBUG] | 注入ApplicationContext到SpringContextHolder:Root WebApplicationContext: startup date [Sun Mar 16 22:22:29 CST 2014]; root of context hierarchy | org.bigmouth.framework.core.SpringContextHolder.setApplicationContext(SpringContextHolder.java:25)
2014-03-16 2014-03-16 22:22:32.145 [DEBUG] | =============================================== | org.bigmouth.framework.core.FrameworkContextLoaderListener.contextInitialized(FrameworkContextLoaderListener.java:40)
2014-03-16 2014-03-16 22:22:32.145 [DEBUG] | 加载上下文成功... | org.bigmouth.framework.core.FrameworkContextLoaderListener.contextInitialized(FrameworkContextLoaderListener.java:41)
2014-03-16 2014-03-16 22:22:32.145 [DEBUG] | =============================================== | org.bigmouth.framework.core.FrameworkContextLoaderListener.contextInitialized(FrameworkContextLoaderListener.java:42)
2014-03-16 2014-03-16 22:22:32.170 [INFO ] | XSSSecurityManager init(FilterConfig config) begin | org.bigmouth.framework.security.XSSSecurityManager.init(XSSSecurityManager.java:42)
2014-03-16 2014-03-16 22:22:32.170 [INFO ] | XSSSecurityManager.initConfig(String path) begin | org.bigmouth.framework.security.XSSSecurityManager.initConfig(XSSSecurityManager.java:68)
2014-03-16 2014-03-16 22:22:32.186 [ERROR] | 安全过滤配置文件xss_security_config.xml加载异常 | org.bigmouth.framework.security.XSSSecurityManager.init(XSSSecurityManager.java:54)
org.dom4j.DocumentException: D:\Workspace\bigmouth-web\src\main\webapp\WEB-INF\classes\security\xss_security_config.xml (系统找不到指定的路径。) Nested exception: D:\Workspace\bigmouth-web\src\main\webapp\WEB-INF\classes\security\xss_security_config.xml (系统找不到指定的路径。)
	at org.dom4j.io.SAXReader.read(SAXReader.java:484)
	at org.dom4j.io.SAXReader.read(SAXReader.java:321)
	at org.bigmouth.framework.security.XSSSecurityManager.initConfig(XSSSecurityManager.java:69)
	at org.bigmouth.framework.security.XSSSecurityManager.init(XSSSecurityManager.java:48)
	at org.bigmouth.framework.security.XSSSecurityFilter.init(XSSSecurityFilter.java:111)
	at org.mortbay.jetty.servlet.FilterHolder.doStart(FilterHolder.java:97)
	at org.mortbay.component.AbstractLifeCycle.start(AbstractLifeCycle.java:50)
	at org.mortbay.jetty.servlet.ServletHandler.initialize(ServletHandler.java:713)
	at org.mortbay.jetty.servlet.Context.startContext(Context.java:140)
	at org.mortbay.jetty.webapp.WebAppContext.startContext(WebAppContext.java:1282)
	at org.mortbay.jetty.handler.ContextHandler.doStart(ContextHandler.java:518)
	at org.mortbay.jetty.webapp.WebAppContext.doStart(WebAppContext.java:499)
	at org.mortbay.component.AbstractLifeCycle.start(AbstractLifeCycle.java:50)
	at org.mortbay.jetty.handler.HandlerWrapper.doStart(HandlerWrapper.java:130)
	at org.mortbay.jetty.Server.doStart(Server.java:224)
	at org.mortbay.component.AbstractLifeCycle.start(AbstractLifeCycle.java:50)
	at runjettyrun.Bootstrap.main(Bootstrap.java:97)
Nested exception: 
java.io.FileNotFoundException: D:\Workspace\bigmouth-web\src\main\webapp\WEB-INF\classes\security\xss_security_config.xml (系统找不到指定的路径。)
	at java.io.FileInputStream.open(Native Method)
	at java.io.FileInputStream.<init>(Unknown Source)
	at java.io.FileInputStream.<init>(Unknown Source)
	at sun.net.www.protocol.file.FileURLConnection.connect(Unknown Source)
	at sun.net.www.protocol.file.FileURLConnection.getInputStream(Unknown Source)
	at com.sun.org.apache.xerces.internal.impl.XMLEntityManager.setupCurrentEntity(Unknown Source)
	at com.sun.org.apache.xerces.internal.impl.XMLVersionDetector.determineDocVersion(Unknown Source)
	at com.sun.org.apache.xerces.internal.parsers.XML11Configuration.parse(Unknown Source)
	at com.sun.org.apache.xerces.internal.parsers.XML11Configuration.parse(Unknown Source)
	at com.sun.org.apache.xerces.internal.parsers.XMLParser.parse(Unknown Source)
	at com.sun.org.apache.xerces.internal.parsers.AbstractSAXParser.parse(Unknown Source)
	at com.sun.org.apache.xerces.internal.jaxp.SAXParserImpl$JAXPSAXParser.parse(Unknown Source)
	at org.dom4j.io.SAXReader.read(SAXReader.java:465)
	at org.dom4j.io.SAXReader.read(SAXReader.java:321)
	at org.bigmouth.framework.security.XSSSecurityManager.initConfig(XSSSecurityManager.java:69)
	at org.bigmouth.framework.security.XSSSecurityManager.init(XSSSecurityManager.java:48)
	at org.bigmouth.framework.security.XSSSecurityFilter.init(XSSSecurityFilter.java:111)
	at org.mortbay.jetty.servlet.FilterHolder.doStart(FilterHolder.java:97)
	at org.mortbay.component.AbstractLifeCycle.start(AbstractLifeCycle.java:50)
	at org.mortbay.jetty.servlet.ServletHandler.initialize(ServletHandler.java:713)
	at org.mortbay.jetty.servlet.Context.startContext(Context.java:140)
	at org.mortbay.jetty.webapp.WebAppContext.startContext(WebAppContext.java:1282)
	at org.mortbay.jetty.handler.ContextHandler.doStart(ContextHandler.java:518)
	at org.mortbay.jetty.webapp.WebAppContext.doStart(WebAppContext.java:499)
	at org.mortbay.component.AbstractLifeCycle.start(AbstractLifeCycle.java:50)
	at org.mortbay.jetty.handler.HandlerWrapper.doStart(HandlerWrapper.java:130)
	at org.mortbay.jetty.Server.doStart(Server.java:224)
	at org.mortbay.component.AbstractLifeCycle.start(AbstractLifeCycle.java:50)
	at runjettyrun.Bootstrap.main(Bootstrap.java:97)
2014-03-16 2014-03-16 22:22:32.189 [INFO ] | XSSSecurityManager init(FilterConfig config) end | org.bigmouth.framework.security.XSSSecurityManager.init(XSSSecurityManager.java:56)
2014-03-16 2014-03-16 22:23:09.690 [DEBUG] | =============================================== | org.bigmouth.framework.core.FrameworkContextLoaderListener.contextInitialized(FrameworkContextLoaderListener.java:33)
2014-03-16 2014-03-16 22:23:09.692 [DEBUG] | 开始加载上下文... | org.bigmouth.framework.core.FrameworkContextLoaderListener.contextInitialized(FrameworkContextLoaderListener.java:34)
2014-03-16 2014-03-16 22:23:09.693 [DEBUG] | =============================================== | org.bigmouth.framework.core.FrameworkContextLoaderListener.contextInitialized(FrameworkContextLoaderListener.java:35)
2014-03-16 2014-03-16 22:23:09.693 [INFO ] | 工程所在路径：D:\Workspace\bigmouth-web\src\main\webapp | org.bigmouth.framework.core.FrameworkContextLoaderListener.contextInitialized(FrameworkContextLoaderListener.java:37)
2014-03-16 2014-03-16 22:23:10.906 [INFO ] | Loading properties file from URL [file:/D:/Workspace/bigmouth-web/target/classes/application.properties] | org.springframework.core.io.support.PropertiesLoaderSupport.loadProperties(PropertiesLoaderSupport.java:177)
2014-03-16 2014-03-16 22:23:10.907 [INFO ] | Loading properties file from URL [file:/D:/Workspace/bigmouth-web/target/classes/jdbc.properties] | org.springframework.core.io.support.PropertiesLoaderSupport.loadProperties(PropertiesLoaderSupport.java:177)
2014-03-16 2014-03-16 22:23:11.757 [DEBUG] | 注入ApplicationContext到SpringContextHolder:Root WebApplicationContext: startup date [Sun Mar 16 22:23:09 CST 2014]; root of context hierarchy | org.bigmouth.framework.core.SpringContextHolder.setApplicationContext(SpringContextHolder.java:25)
2014-03-16 2014-03-16 22:23:12.348 [DEBUG] | =============================================== | org.bigmouth.framework.core.FrameworkContextLoaderListener.contextInitialized(FrameworkContextLoaderListener.java:40)
2014-03-16 2014-03-16 22:23:12.350 [DEBUG] | 加载上下文成功... | org.bigmouth.framework.core.FrameworkContextLoaderListener.contextInitialized(FrameworkContextLoaderListener.java:41)
2014-03-16 2014-03-16 22:23:12.350 [DEBUG] | =============================================== | org.bigmouth.framework.core.FrameworkContextLoaderListener.contextInitialized(FrameworkContextLoaderListener.java:42)
2014-03-16 2014-03-16 22:23:12.514 [INFO ] | XSSSecurityManager init(FilterConfig config) begin | org.bigmouth.framework.security.XSSSecurityManager.init(XSSSecurityManager.java:42)
2014-03-16 2014-03-16 22:23:12.514 [INFO ] | XSSSecurityManager.initConfig(String path) begin | org.bigmouth.framework.security.XSSSecurityManager.initConfig(XSSSecurityManager.java:68)
2014-03-16 2014-03-16 22:23:12.535 [ERROR] | 安全过滤配置文件xss_security_config.xml加载异常 | org.bigmouth.framework.security.XSSSecurityManager.init(XSSSecurityManager.java:54)
org.dom4j.DocumentException: D:\Workspace\bigmouth-web\src\main\webapp\WEB-INF\classes\security\xss_security_config.xml (系统找不到指定的路径。) Nested exception: D:\Workspace\bigmouth-web\src\main\webapp\WEB-INF\classes\security\xss_security_config.xml (系统找不到指定的路径。)
	at org.dom4j.io.SAXReader.read(SAXReader.java:484)
	at org.dom4j.io.SAXReader.read(SAXReader.java:321)
	at org.bigmouth.framework.security.XSSSecurityManager.initConfig(XSSSecurityManager.java:69)
	at org.bigmouth.framework.security.XSSSecurityManager.init(XSSSecurityManager.java:48)
	at org.bigmouth.framework.security.XSSSecurityFilter.init(XSSSecurityFilter.java:111)
	at org.mortbay.jetty.servlet.FilterHolder.doStart(FilterHolder.java:97)
	at org.mortbay.component.AbstractLifeCycle.start(AbstractLifeCycle.java:50)
	at org.mortbay.jetty.servlet.ServletHandler.initialize(ServletHandler.java:713)
	at org.mortbay.jetty.servlet.Context.startContext(Context.java:140)
	at org.mortbay.jetty.webapp.WebAppContext.startContext(WebAppContext.java:1282)
	at org.mortbay.jetty.handler.ContextHandler.doStart(ContextHandler.java:518)
	at org.mortbay.jetty.webapp.WebAppContext.doStart(WebAppContext.java:499)
	at org.mortbay.component.AbstractLifeCycle.start(AbstractLifeCycle.java:50)
	at org.mortbay.jetty.handler.HandlerWrapper.doStart(HandlerWrapper.java:130)
	at org.mortbay.jetty.Server.doStart(Server.java:224)
	at org.mortbay.component.AbstractLifeCycle.start(AbstractLifeCycle.java:50)
	at runjettyrun.Bootstrap.main(Bootstrap.java:97)
Nested exception: 
java.io.FileNotFoundException: D:\Workspace\bigmouth-web\src\main\webapp\WEB-INF\classes\security\xss_security_config.xml (系统找不到指定的路径。)
	at java.io.FileInputStream.open(Native Method)
	at java.io.FileInputStream.<init>(Unknown Source)
	at java.io.FileInputStream.<init>(Unknown Source)
	at sun.net.www.protocol.file.FileURLConnection.connect(Unknown Source)
	at sun.net.www.protocol.file.FileURLConnection.getInputStream(Unknown Source)
	at com.sun.org.apache.xerces.internal.impl.XMLEntityManager.setupCurrentEntity(Unknown Source)
	at com.sun.org.apache.xerces.internal.impl.XMLVersionDetector.determineDocVersion(Unknown Source)
	at com.sun.org.apache.xerces.internal.parsers.XML11Configuration.parse(Unknown Source)
	at com.sun.org.apache.xerces.internal.parsers.XML11Configuration.parse(Unknown Source)
	at com.sun.org.apache.xerces.internal.parsers.XMLParser.parse(Unknown Source)
	at com.sun.org.apache.xerces.internal.parsers.AbstractSAXParser.parse(Unknown Source)
	at com.sun.org.apache.xerces.internal.jaxp.SAXParserImpl$JAXPSAXParser.parse(Unknown Source)
	at org.dom4j.io.SAXReader.read(SAXReader.java:465)
	at org.dom4j.io.SAXReader.read(SAXReader.java:321)
	at org.bigmouth.framework.security.XSSSecurityManager.initConfig(XSSSecurityManager.java:69)
	at org.bigmouth.framework.security.XSSSecurityManager.init(XSSSecurityManager.java:48)
	at org.bigmouth.framework.security.XSSSecurityFilter.init(XSSSecurityFilter.java:111)
	at org.mortbay.jetty.servlet.FilterHolder.doStart(FilterHolder.java:97)
	at org.mortbay.component.AbstractLifeCycle.start(AbstractLifeCycle.java:50)
	at org.mortbay.jetty.servlet.ServletHandler.initialize(ServletHandler.java:713)
	at org.mortbay.jetty.servlet.Context.startContext(Context.java:140)
	at org.mortbay.jetty.webapp.WebAppContext.startContext(WebAppContext.java:1282)
	at org.mortbay.jetty.handler.ContextHandler.doStart(ContextHandler.java:518)
	at org.mortbay.jetty.webapp.WebAppContext.doStart(WebAppContext.java:499)
	at org.mortbay.component.AbstractLifeCycle.start(AbstractLifeCycle.java:50)
	at org.mortbay.jetty.handler.HandlerWrapper.doStart(HandlerWrapper.java:130)
	at org.mortbay.jetty.Server.doStart(Server.java:224)
	at org.mortbay.component.AbstractLifeCycle.start(AbstractLifeCycle.java:50)
	at runjettyrun.Bootstrap.main(Bootstrap.java:97)
2014-03-16 2014-03-16 22:23:12.536 [INFO ] | XSSSecurityManager init(FilterConfig config) end | org.bigmouth.framework.security.XSSSecurityManager.init(XSSSecurityManager.java:56)
2014-03-16 2014-03-16 22:25:02.169 [DEBUG] | =============================================== | org.bigmouth.framework.core.FrameworkContextLoaderListener.contextInitialized(FrameworkContextLoaderListener.java:33)
2014-03-16 2014-03-16 22:25:02.172 [DEBUG] | 开始加载上下文... | org.bigmouth.framework.core.FrameworkContextLoaderListener.contextInitialized(FrameworkContextLoaderListener.java:34)
2014-03-16 2014-03-16 22:25:02.174 [DEBUG] | =============================================== | org.bigmouth.framework.core.FrameworkContextLoaderListener.contextInitialized(FrameworkContextLoaderListener.java:35)
2014-03-16 2014-03-16 22:25:02.174 [INFO ] | 工程所在路径：D:\Workspace\bigmouth-web\src\main\webapp | org.bigmouth.framework.core.FrameworkContextLoaderListener.contextInitialized(FrameworkContextLoaderListener.java:37)
2014-03-16 2014-03-16 22:25:02.751 [INFO ] | Loading properties file from URL [file:/D:/Workspace/bigmouth-web/target/classes/application.properties] | org.springframework.core.io.support.PropertiesLoaderSupport.loadProperties(PropertiesLoaderSupport.java:177)
2014-03-16 2014-03-16 22:25:02.752 [INFO ] | Loading properties file from URL [file:/D:/Workspace/bigmouth-web/target/classes/jdbc.properties] | org.springframework.core.io.support.PropertiesLoaderSupport.loadProperties(PropertiesLoaderSupport.java:177)
2014-03-16 2014-03-16 22:25:03.299 [DEBUG] | 注入ApplicationContext到SpringContextHolder:Root WebApplicationContext: startup date [Sun Mar 16 22:25:02 CST 2014]; root of context hierarchy | org.bigmouth.framework.core.SpringContextHolder.setApplicationContext(SpringContextHolder.java:25)
2014-03-16 2014-03-16 22:25:03.565 [DEBUG] | =============================================== | org.bigmouth.framework.core.FrameworkContextLoaderListener.contextInitialized(FrameworkContextLoaderListener.java:40)
2014-03-16 2014-03-16 22:25:03.567 [DEBUG] | 加载上下文成功... | org.bigmouth.framework.core.FrameworkContextLoaderListener.contextInitialized(FrameworkContextLoaderListener.java:41)
2014-03-16 2014-03-16 22:25:03.567 [DEBUG] | =============================================== | org.bigmouth.framework.core.FrameworkContextLoaderListener.contextInitialized(FrameworkContextLoaderListener.java:42)
2014-03-16 2014-03-16 22:25:03.583 [INFO ] | XSSSecurityManager init(FilterConfig config) begin | org.bigmouth.framework.security.XSSSecurityManager.init(XSSSecurityManager.java:42)
2014-03-16 2014-03-16 22:25:03.583 [INFO ] | XSSSecurityManager.initConfig(String path) begin | org.bigmouth.framework.security.XSSSecurityManager.initConfig(XSSSecurityManager.java:68)
2014-03-16 2014-03-16 22:25:03.599 [ERROR] | 安全过滤配置文件xss_security_config.xml加载异常 | org.bigmouth.framework.security.XSSSecurityManager.init(XSSSecurityManager.java:54)
org.dom4j.DocumentException: D:\Workspace\bigmouth-web\src\main\webapp\WEB-INF\classes\security\xss_security_config.xml (系统找不到指定的路径。) Nested exception: D:\Workspace\bigmouth-web\src\main\webapp\WEB-INF\classes\security\xss_security_config.xml (系统找不到指定的路径。)
	at org.dom4j.io.SAXReader.read(SAXReader.java:484)
	at org.dom4j.io.SAXReader.read(SAXReader.java:321)
	at org.bigmouth.framework.security.XSSSecurityManager.initConfig(XSSSecurityManager.java:69)
	at org.bigmouth.framework.security.XSSSecurityManager.init(XSSSecurityManager.java:48)
	at org.bigmouth.framework.security.XSSSecurityFilter.init(XSSSecurityFilter.java:111)
	at org.mortbay.jetty.servlet.FilterHolder.doStart(FilterHolder.java:97)
	at org.mortbay.component.AbstractLifeCycle.start(AbstractLifeCycle.java:50)
	at org.mortbay.jetty.servlet.ServletHandler.initialize(ServletHandler.java:713)
	at org.mortbay.jetty.servlet.Context.startContext(Context.java:140)
	at org.mortbay.jetty.webapp.WebAppContext.startContext(WebAppContext.java:1282)
	at org.mortbay.jetty.handler.ContextHandler.doStart(ContextHandler.java:518)
	at org.mortbay.jetty.webapp.WebAppContext.doStart(WebAppContext.java:499)
	at org.mortbay.component.AbstractLifeCycle.start(AbstractLifeCycle.java:50)
	at org.mortbay.jetty.handler.HandlerWrapper.doStart(HandlerWrapper.java:130)
	at org.mortbay.jetty.Server.doStart(Server.java:224)
	at org.mortbay.component.AbstractLifeCycle.start(AbstractLifeCycle.java:50)
	at runjettyrun.Bootstrap.main(Bootstrap.java:97)
Nested exception: 
java.io.FileNotFoundException: D:\Workspace\bigmouth-web\src\main\webapp\WEB-INF\classes\security\xss_security_config.xml (系统找不到指定的路径。)
	at java.io.FileInputStream.open(Native Method)
	at java.io.FileInputStream.<init>(Unknown Source)
	at java.io.FileInputStream.<init>(Unknown Source)
	at sun.net.www.protocol.file.FileURLConnection.connect(Unknown Source)
	at sun.net.www.protocol.file.FileURLConnection.getInputStream(Unknown Source)
	at com.sun.org.apache.xerces.internal.impl.XMLEntityManager.setupCurrentEntity(Unknown Source)
	at com.sun.org.apache.xerces.internal.impl.XMLVersionDetector.determineDocVersion(Unknown Source)
	at com.sun.org.apache.xerces.internal.parsers.XML11Configuration.parse(Unknown Source)
	at com.sun.org.apache.xerces.internal.parsers.XML11Configuration.parse(Unknown Source)
	at com.sun.org.apache.xerces.internal.parsers.XMLParser.parse(Unknown Source)
	at com.sun.org.apache.xerces.internal.parsers.AbstractSAXParser.parse(Unknown Source)
	at com.sun.org.apache.xerces.internal.jaxp.SAXParserImpl$JAXPSAXParser.parse(Unknown Source)
	at org.dom4j.io.SAXReader.read(SAXReader.java:465)
	at org.dom4j.io.SAXReader.read(SAXReader.java:321)
	at org.bigmouth.framework.security.XSSSecurityManager.initConfig(XSSSecurityManager.java:69)
	at org.bigmouth.framework.security.XSSSecurityManager.init(XSSSecurityManager.java:48)
	at org.bigmouth.framework.security.XSSSecurityFilter.init(XSSSecurityFilter.java:111)
	at org.mortbay.jetty.servlet.FilterHolder.doStart(FilterHolder.java:97)
	at org.mortbay.component.AbstractLifeCycle.start(AbstractLifeCycle.java:50)
	at org.mortbay.jetty.servlet.ServletHandler.initialize(ServletHandler.java:713)
	at org.mortbay.jetty.servlet.Context.startContext(Context.java:140)
	at org.mortbay.jetty.webapp.WebAppContext.startContext(WebAppContext.java:1282)
	at org.mortbay.jetty.handler.ContextHandler.doStart(ContextHandler.java:518)
	at org.mortbay.jetty.webapp.WebAppContext.doStart(WebAppContext.java:499)
	at org.mortbay.component.AbstractLifeCycle.start(AbstractLifeCycle.java:50)
	at org.mortbay.jetty.handler.HandlerWrapper.doStart(HandlerWrapper.java:130)
	at org.mortbay.jetty.Server.doStart(Server.java:224)
	at org.mortbay.component.AbstractLifeCycle.start(AbstractLifeCycle.java:50)
	at runjettyrun.Bootstrap.main(Bootstrap.java:97)
2014-03-16 2014-03-16 22:25:03.601 [INFO ] | XSSSecurityManager init(FilterConfig config) end | org.bigmouth.framework.security.XSSSecurityManager.init(XSSSecurityManager.java:56)
2014-03-16 2014-03-16 22:25:55.850 [WARN ] | XMLToolboxManager has been deprecated. Please use org.apache.velocity.tools.ToolboxFactory instead. | org.apache.velocity.tools.view.XMLToolboxManager.<init>(XMLToolboxManager.java:100)
2014-03-16 2014-03-16 22:25:55.850 [WARN ] | ServletToolboxManager has been deprecated. Please use org.apache.velocity.tools.ToolboxFactory instead. | org.apache.velocity.tools.view.servlet.ServletToolboxManager.<init>(ServletToolboxManager.java:131)
2014-03-16 2014-03-16 22:26:19.321 [ERROR] | java.lang.NullPointerException | org.bigmouth.web.manager.master.web.LoginAction.login(LoginAction.java:58)
2014-03-16 2014-03-16 22:26:25.603 [ERROR] | java.lang.NullPointerException | org.bigmouth.web.manager.master.web.LoginAction.login(LoginAction.java:58)
